This is TeX, Version 3.14159 (Web2C 7.4.5) (format=latex 2004.6.9)  29 AUG 2008 09:07
**tacas07_bisim.tex
(./tacas07_bisim.tex
LaTeX2e <2001/06/01>
Babel <v3.7h> and hyphenation patterns for american, french, german, ngerman, d
utch, nohyphenation, loaded.
(./llncs.cls
Document Class: llncs 1998/03/25 v2.3 
LaTeX document class for Lecture Notes in Computer Science
(/cwi/share/texmf-2/texmf/tex/latex/base/article.cls
Document Class: article 2001/04/21 v1.4e Standard LaTeX document class
(/cwi/share/texmf-2/texmf/tex/latex/base/size10.clo
File: size10.clo 2001/04/21 v1.4e Standard LaTeX file (size option)
)
\c@part=\count79
\c@section=\count80
\c@subsection=\count81
\c@subsubsection=\count82
\c@paragraph=\count83
\c@subparagraph=\count84
\c@figure=\count85
\c@table=\count86
\abovecaptionskip=\skip41
\belowcaptionskip=\skip42
\bibindent=\dimen102
)
(/cwi/share/texmf-2/texmf/tex/latex/tools/multicol.sty
Package: multicol 2000/07/10 v1.5z multicolumn formatting (FMi)
\c@tracingmulticols=\count87
\mult@box=\box26
\multicol@leftmargin=\dimen103
\c@unbalance=\count88
\c@collectmore=\count89
\doublecol@number=\count90
\multicoltolerance=\count91
\multicolpretolerance=\count92
\full@width=\dimen104
\page@free=\dimen105
\premulticols=\dimen106
\postmulticols=\dimen107
\multicolsep=\skip43
\multicolbaselineskip=\skip44
\partial@page=\box27
\last@line=\box28
\mult@rightbox=\box29
\mult@grightbox=\box30
\mult@gfirstbox=\box31
\mult@firstbox=\box32
\@tempa=\box33
\@tempa=\box34
\@tempa=\box35
\@tempa=\box36
\@tempa=\box37
\@tempa=\box38
\@tempa=\box39
\@tempa=\box40
\@tempa=\box41
\@tempa=\box42
\@tempa=\box43
\@tempa=\box44
\@tempa=\box45
\@tempa=\box46
\@tempa=\box47
\@tempa=\box48
\@tempa=\box49
\c@columnbadness=\count93
\c@finalcolumnbadness=\count94
\last@try=\dimen108
\multicolovershoot=\dimen109
\multicolundershoot=\dimen110
\mult@nat@firstbox=\box50
\colbreak@box=\box51
)
\c@chapter=\count95
LaTeX Font Info:    Redeclaring math symbol \Gamma on input line 193.
LaTeX Font Info:    Redeclaring math symbol \Delta on input line 194.
LaTeX Font Info:    Redeclaring math symbol \Theta on input line 195.
LaTeX Font Info:    Redeclaring math symbol \Lambda on input line 196.
LaTeX Font Info:    Redeclaring math symbol \Xi on input line 197.
LaTeX Font Info:    Redeclaring math symbol \Pi on input line 198.
LaTeX Font Info:    Redeclaring math symbol \Sigma on input line 199.
LaTeX Font Info:    Redeclaring math symbol \Upsilon on input line 200.
LaTeX Font Info:    Redeclaring math symbol \Phi on input line 201.
LaTeX Font Info:    Redeclaring math symbol \Psi on input line 202.
LaTeX Font Info:    Redeclaring math symbol \Omega on input line 203.
\tocchpnum=\dimen111
\tocsecnum=\dimen112
\tocsectotal=\dimen113
\tocsubsecnum=\dimen114
\tocsubsectotal=\dimen115
\tocsubsubsecnum=\dimen116
\tocsubsubsectotal=\dimen117
\tocparanum=\dimen118
\tocparatotal=\dimen119
\tocsubparanum=\dimen120
\@tempcntc=\count96
\c@@inst=\count97
\c@@auth=\count98
\c@auco=\count99
\instindent=\dimen121
\authrun=\box52
\authorrunning=\toks14
\tocauthor=\toks15
\titrun=\box53
\titlerunning=\toks16
\toctitle=\toks17
\c@theorem=\count100
\c@case=\count101
\c@conjecture=\count102
\c@corollary=\count103
\c@definition=\count104
\c@example=\count105
\c@exercise=\count106
\c@lemma=\count107
\c@note=\count108
\c@problem=\count109
\c@property=\count110
\c@proposition=\count111
\c@question=\count112
\c@solution=\count113
\c@remark=\count114
\headlineindent=\dimen122
)
(/cwi/share/texmf-2/texmf/tex/latex/amsfonts/amssymb.sty
Package: amssymb 2002/01/22 v2.2d

(/cwi/share/texmf-2/texmf/tex/latex/amsfonts/amsfonts.sty
Package: amsfonts 2001/10/25 v2.2f
\@emptytoks=\toks18
\symAMSa=\mathgroup4
\symAMSb=\mathgroup5
LaTeX Font Info:    Overwriting math alphabet `\mathfrak' in version `bold'
(Font)                  U/euf/m/n --> U/euf/b/n on input line 132.
))
(/cwi/share/texmf-2/texmf/tex/latex/amsmath/amsmath.sty
Package: amsmath 2000/07/18 v2.13 AMS math features
\@mathmargin=\skip45

For additional information on amsmath, use the `?' option.
(/cwi/share/texmf-2/texmf/tex/latex/amsmath/amstext.sty
Package: amstext 2000/06/29 v2.01

(/cwi/share/texmf-2/texmf/tex/latex/amsmath/amsgen.sty
File: amsgen.sty 1999/11/30 v2.0
\@emptytoks=\toks19
\ex@=\dimen123
))
(/cwi/share/texmf-2/texmf/tex/latex/amsmath/amsbsy.sty
Package: amsbsy 1999/11/29 v1.2d
\pmbraise@=\dimen124
)
(/cwi/share/texmf-2/texmf/tex/latex/amsmath/amsopn.sty
Package: amsopn 1999/12/14 v2.01 operator names
)
\inf@bad=\count115
LaTeX Info: Redefining \frac on input line 211.
\uproot@=\count116
\leftroot@=\count117
LaTeX Info: Redefining \overline on input line 307.
\classnum@=\count118
\DOTSCASE@=\count119
LaTeX Info: Redefining \ldots on input line 379.
LaTeX Info: Redefining \dots on input line 382.
LaTeX Info: Redefining \cdots on input line 467.
\Mathstrutbox@=\box54
\strutbox@=\box55
\big@size=\dimen125
LaTeX Font Info:    Redeclaring font encoding OML on input line 567.
LaTeX Font Info:    Redeclaring font encoding OMS on input line 568.


Package amsmath Warning: Unable to redefine math accent \vec.

\macc@depth=\count120
\c@MaxMatrixCols=\count121
\dotsspace@=\muskip10
\c@parentequation=\count122
\dspbrk@lvl=\count123
\tag@help=\toks20
\row@=\count124
\column@=\count125
\maxfields@=\count126
\andhelp@=\toks21
\eqnshift@=\dimen126
\alignsep@=\dimen127
\tagshift@=\dimen128
\tagwidth@=\dimen129
\totwidth@=\dimen130
\lineht@=\dimen131
\@envbody=\toks22
\multlinegap=\skip46
\multlinetaggap=\skip47
\mathdisplay@stack=\toks23
LaTeX Info: Redefining \[ on input line 2666.
LaTeX Info: Redefining \] on input line 2667.
) (/cwi/share/texmf-2/texmf/tex/latex/base/latexsym.sty
Package: latexsym 1998/08/17 v2.2e Standard LaTeX package (lasy symbols)
\symlasy=\mathgroup6
LaTeX Font Info:    Overwriting symbol font `lasy' in version `bold'
(Font)                  U/lasy/m/n --> U/lasy/b/n on input line 42.
)
(/cwi/share/texmf-2/texmf/tex/generic/misc/epsf.tex
This is `epsf.tex' v2.7k <10 July 1997>
\epsffilein=\read1
\epsfframemargin=\dimen132
\epsfframethickness=\dimen133
\epsfrsize=\dimen134
\epsftmp=\dimen135
\epsftsize=\dimen136
\epsfxsize=\dimen137
\epsfysize=\dimen138
\pspoints=\dimen139
\epsfnoopenhelp=\toks24
) (/cwi/share/texmf-2/texmf/tex/latex/graphics/epsfig.sty
Package: epsfig 1999/02/16 v1.7a (e)psfig emulation (SPQR)

(/cwi/share/texmf-2/texmf/tex/latex/graphics/graphicx.sty
Package: graphicx 1999/02/16 v1.0f Enhanced LaTeX Graphics (DPC,SPQR)

(/cwi/share/texmf-2/texmf/tex/latex/graphics/keyval.sty
Package: keyval 1999/03/16 v1.13 key=value parser (DPC)
\KV@toks@=\toks25
)
(/cwi/share/texmf-2/texmf/tex/latex/graphics/graphics.sty
Package: graphics 2001/07/07 v1.0n Standard LaTeX Graphics (DPC,SPQR)

(/cwi/share/texmf-2/texmf/tex/latex/graphics/trig.sty
Package: trig 1999/03/16 v1.09 sin cos tan (DPC)
)
(/cwi/share/texmf-2/texmf/tex/latex/config/graphics.cfg
File: graphics.cfg 2001/08/31 v1.1 graphics configuration of teTeX/TeXLive
)
Package graphics Info: Driver file: dvips.def on input line 80.

(/cwi/share/texmf-2/texmf/tex/latex/graphics/dvips.def
File: dvips.def 1999/02/16 v3.0i Driver-dependant file (DPC,SPQR)
))
\Gin@req@height=\dimen140
\Gin@req@width=\dimen141
)
\epsfxsize=\dimen142
\epsfysize=\dimen143
) (./arrows.sty
\arrowlength=\skip48
)
(/cwi/share/texmf-2/texmf/tex/latex/graphics/color.sty
Package: color 1999/02/16 v1.0i Standard LaTeX Color (DPC)

(/cwi/share/texmf-2/texmf/tex/latex/config/color.cfg
File: color.cfg 2001/08/31 v1.1 color configuration of teTeX/TeXLive
)
Package color Info: Driver file: dvips.def on input line 125.

(/cwi/share/texmf-2/texmf/tex/latex/graphics/dvipsnam.def
File: dvipsnam.def 1999/02/16 v3.0i Driver-dependant file (DPC,SPQR)
))
(/cwi/share/texmf-2/texmf/tex/latex/base/ifthen.sty
Package: ifthen 2001/05/26 v1.1c Standard LaTeX ifthen package (DPC)
)
(/cwi/share/texmf-2/texmf/tex/latex/misc/wrapfig.sty
\wrapoverhang=\dimen144
\WF@size=\dimen145
\c@WF@wrappedlines=\count127
\WF@box=\box56
\WF@everypar=\toks26
Package: wrapfig 2003/01/31  v 3.6
) (./macros.tex)
(./tacas07_bisim.aux)
\openout1 = `tacas07_bisim.aux'.

LaTeX Font Info:    Checking defaults for OML/cmm/m/it on input line 19.
LaTeX Font Info:    ... okay on input line 19.
LaTeX Font Info:    Checking defaults for T1/cmr/m/n on input line 19.
LaTeX Font Info:    ... okay on input line 19.
LaTeX Font Info:    Checking defaults for OT1/cmr/m/n on input line 19.
LaTeX Font Info:    ... okay on input line 19.
LaTeX Font Info:    Checking defaults for OMS/cmsy/m/n on input line 19.
LaTeX Font Info:    ... okay on input line 19.
LaTeX Font Info:    Checking defaults for OMX/cmex/m/n on input line 19.
LaTeX Font Info:    ... okay on input line 19.
LaTeX Font Info:    Checking defaults for U/cmr/m/n on input line 19.
LaTeX Font Info:    ... okay on input line 19.
LaTeX Font Info:    Try loading font information for U+msa on input line 36.
 (/cwi/share/texmf-2/texmf/tex/latex/amsfonts/umsa.fd
File: umsa.fd 2002/01/19 v2.2g AMS font definitions
)
LaTeX Font Info:    Try loading font information for U+msb on input line 36.

(/cwi/share/texmf-2/texmf/tex/latex/amsfonts/umsb.fd
File: umsb.fd 2002/01/19 v2.2g AMS font definitions
)
LaTeX Font Info:    Try loading font information for U+lasy on input line 36.

(/cwi/share/texmf-2/texmf/tex/latex/base/ulasy.fd
File: ulasy.fd 1998/08/17 v2.2e LaTeX symbol font definitions
) [1

]
Underfull \vbox (badness 10000) has occurred while \output is active []

 [2]
[3] [4] [5]
Overfull \hbox (1.13368pt too wide) detected at line 422
\OML/cmm/m/it/10 s[] \OMS/cmsy/m/n/10 j[]\OT1/cmr/m/n/10 = \OML/cmm/m/it/10 ^^H
 \OMS/cmsy/m/n/10 ([]) \OML/cmm/m/it/10 s[] \OMS/cmsy/m/n/10 j[]\OT1/cmr/m/n/10
 = \OML/cmm/m/it/10 ^^H[]^^H \OMS/cmsy/m/n/10 2 \OML/cmm/m/it/10 F [] \OT1/cmr/
bx/n/10 P\OT1/cmr/m/n/10 (\OML/cmm/m/it/10 s[]; C\OT1/cmr/m/n/10 ) = \OT1/cmr/b
x/n/10 P\OT1/cmr/m/n/10 (\OML/cmm/m/it/10 s[]; C\OT1/cmr/m/n/10 )[]\OML/cmm/m/i
t/10 C \OMS/cmsy/m/n/10 2 \OML/cmm/m/it/10 S=R:
 []

[6] [7]
Underfull \vbox (badness 10000) has occurred while \output is active []

 [8]
Overfull \hbox (2.71825pt too wide) in paragraph at lines 700--718
 [] 
 []

[9]
Overfull \hbox (11.69658pt too wide) in paragraph at lines 766--774
\OT1/cmr/m/n/10 sub-dom-i-nant eigen-val-ues of the Gauss-Seidel it-er-a-tion m
a-tri-ces dif-fer significantly---
 []

[10] [11]
Overfull \hbox (2.89047pt too wide) in paragraph at lines 874--889
 [] 
 []

[12] (./tacas07_bisim.bbl [13]
Missing character: There is no ^^c3 in font cmr9!
Missing character: There is no ^^a9 in font cmr9!
 [14] [15]) [16] (./tacas07_bisim.aux) ) 
Here is how much of TeX's memory you used:
 2307 strings out of 95802
 27363 string characters out of 1194767
 91196 words of memory out of 1000001
 5198 multiletter control sequences out of 10000+50000
 14347 words of font info for 56 fonts, out of 500000 for 1000
 54 hyphenation exceptions out of 1000
 32i,10n,24p,242b,378s stack positions out of 1500i,500n,5000p,200000b,5000s

Output written on tacas07_bisim.dvi (16 pages, 93248 bytes).
